Arguments: 
  C:\Program Files\nodejs\node.exe C:\Users\Devin Keehner\AppData\Roaming\npm\node_modules\yarn\bin\yarn.js add -D ts-node slugify fast-xml-parser

PATH: 
  C:\Python313\Scripts\;C:\Python313\;C:\Program Files (x86)\Common Files\Oracle\Java\java8path;C:\Program Files (x86)\Common Files\Oracle\Java\javapath;C:\Users\Devin Keehner\anaconda3\;C:\Users\Devin Keehner\anaconda3\Scripts\;C:\Users\Devin Keehner\anaconda3\Library\bin\;C:\Program Files (x86)\Common Files\Intel\Shared Libraries\redist\intel64\compiler;C:\WINDOWS\system32;C:\WINDOWS;C:\WINDOWS\System32\Wbem;C:\WINDOWS\System32\WindowsPowerShell\v1.0\;C:\WINDOWS\System32\OpenSSH\;C:\xampp\php;C:\ProgramData\ComposerSetup\bin;C:\ProgramData\chocolatey\bin;C:\Program Files\PuTTY\;C:\Program Files\dotnet\;C:\Program Files\nodejs\;C:\Program Files\Git\cmd;C:\Users\Devin Keehner\AppData\Local\pnpm;C:\Users\Devin Keehner\AppData\Local\Microsoft\WindowsApps;C:\Users\Devin Keehner\AppData\Roaming\Composer\vendor\bin;C:\Users\Devin Keehner\AppData\Local\Programs\Windsurf\bin;C:\Users\Devin Keehner\AppData\Roaming\npm

Yarn version: 
  1.22.17

Node version: 
  22.14.0

Platform: 
  win32 x64

Trace: 
  Error: https://registry.yarnpkg.com/@payload: Request "https://registry.yarnpkg.com/@payload" returned a 405
      at params.callback [as _callback] (C:\Users\Devin Keehner\AppData\Roaming\npm\node_modules\yarn\lib\cli.js:67038:18)
      at self.callback (C:\Users\Devin Keehner\AppData\Roaming\npm\node_modules\yarn\lib\cli.js:140883:22)
      at Request.emit (node:events:518:28)
      at Request.<anonymous> (C:\Users\Devin Keehner\AppData\Roaming\npm\node_modules\yarn\lib\cli.js:141855:10)
      at Request.emit (node:events:518:28)
      at IncomingMessage.<anonymous> (C:\Users\Devin Keehner\AppData\Roaming\npm\node_modules\yarn\lib\cli.js:141777:12)
      at Object.onceWrapper (node:events:632:28)
      at IncomingMessage.emit (node:events:530:35)
      at endReadableNT (node:internal/streams/readable:1698:12)
      at process.processTicksAndRejections (node:internal/process/task_queues:90:21)

npm manifest: 
  {
    "name": "payload-site-starter",
    "version": "1.0.0",
    "description": "Website template for Payload",
    "license": "MIT",
    "type": "module",
    "scripts": {
      "build": "cross-env NODE_OPTIONS=--no-deprecation next build",
      "postbuild": "next-sitemap --config next-sitemap.config.cjs",
      "dev": "cross-env NODE_OPTIONS=--no-deprecation next dev",
      "dev:prod": "cross-env NODE_OPTIONS=--no-deprecation rm -rf .next && pnpm build && pnpm start",
      "generate:importmap": "cross-env NODE_OPTIONS=--no-deprecation payload generate:importmap",
      "generate:types": "cross-env NODE_OPTIONS=--no-deprecation payload generate:types",
      "ii": "cross-env NODE_OPTIONS=--no-deprecation pnpm --ignore-workspace install",
      "lint": "cross-env NODE_OPTIONS=--no-deprecation next lint",
      "lint:fix": "cross-env NODE_OPTIONS=--no-deprecation next lint --fix",
      "payload": "cross-env NODE_OPTIONS=--no-deprecation payload",
      "reinstall": "cross-env NODE_OPTIONS=--no-deprecation rm -rf node_modules && rm pnpm-lock.yaml && pnpm --ignore-workspace install",
      "start": "cross-env NODE_OPTIONS=--no-deprecation next start"
    },
    "dependencies": {
      "@payload": "3.47.0",
      "@payloadcms/db-mongodb": "3.47.0",
      "@payloadcms/db-postgres": "3.47.0",
      "@payloadcms/plugin-form-builder": "3.47.0",
      "@payloadcms/plugin-multi-tenant": "3.47.0",
      "@payloadcms/plugin-nested-docs": "3.47.0",
      "@payloadcms/plugin-redirects": "3.47.0",
      "@payloadcms/plugin-search": "3.47.0",
      "@payloadcms/plugin-seo": "3.47.0",
      "@payloadcms/richtext-lexical": "3.47.0",
      "@payloadcms/storage-s3": "3.47.0",
      "@payloadcms/live-preview-react": "3.47.0",
      "@payloadcms/next": "3.47.0",
      "@payloadcms/payload-cloud": "3.47.0",
      "@payloadcms/ui": "3.47.0",
      "@radix-ui/react-checkbox": "^1.3.2",
      "@radix-ui/react-dropdown-menu": "^2.1.15",
      "@radix-ui/react-label": "^2.1.7",
      "@radix-ui/react-select": "^2.2.5",
      "@radix-ui/react-slot": "^1.2.3",
      "@vercel/analytics": "^1.5.0",
      "class-variance-authority": "^0.7.1",
      "clsx": "^2.1.1",
      "cross-env": "^7.0.3",
      "geist": "^1.4.2",
      "graphql": "^16.11.0",
      "lucide-react": "^0.477.0",
      "next": "15.3.3",
      "next-sitemap": "^4.2.3",
      "next-themes": "^0.4.6",
      "payload": "latest",
      "payload-admin-bar": "^1.0.7",
      "prism-react-renderer": "^2.4.1",
      "react": "19.0.0",
      "react-dom": "19.0.0",
      "react-hook-form": "7.54.2",
      "react-wrap-balancer": "^1.1.1",
      "sharp": "0.32.6",
      "tailwind-merge": "^2.6.0",
      "tailwindcss-animate": "^1.0.7"
    },
    "devDependencies": {
      "@eslint/eslintrc": "^3.3.1",
      "@tailwindcss/postcss": "^4.1.8",
      "@tailwindcss/typography": "^0.5.16",
      "@types/escape-html": "^1.0.4",
      "@types/node": "22.5.4",
      "@types/react": "19.0.10",
      "@types/react-dom": "19.0.4",
      "copyfiles": "^2.4.1",
      "eslint": "^9.27.0",
      "eslint-config-next": "15.2.0",
      "postcss": "^8.5.4",
      "prettier": "^3.5.3",
      "tailwindcss": "^4.1.8",
      "typescript": "5.7.3"
    },
    "packageManager": "pnpm@10.3.0",
    "engines": {
      "node": "^18.20.2 || >=20.9.0"
    },
    "pnpm": {
      "onlyBuiltDependencies": [
        "sharp"
      ]
    }
  }

yarn manifest: 
  No manifest

Lockfile: 
  No lockfile
